13:40:01  INFO     Session ID      : 20260403T174001
13:40:01  INFO     Implementation  : C:\Users\AKhadka2\Desktop\carbon_footprint\implementations
13:40:01  INFO     Log directory   : C:\Users\AKhadka2\Desktop\carbon_footprint\logs
13:40:01  INFO     Runs / combo    : 30
13:40:01  INFO     Warm-up / combo : 5
13:40:01  INFO     LHM URL         : http://localhost:8085
13:40:01  INFO     Electricity Maps: NO KEY — carbon will be null
13:40:01  INFO     Platform        : Windows-11-10.0.26200-SP0
13:40:01  INFO     Run log → c:\Users\AKhadka2\Desktop\carbon_footprint\logs\runs_20260403T174001.jsonl
13:40:01  INFO     ── Build phase ──────────────────────────────────────
13:40:02  INFO       build c             summation       [OK]
13:40:03  INFO       build c             binary_search   [OK]
13:40:04  INFO       build c             merge_sort      [OK]
13:40:04  INFO       build c             bfs             [OK]
13:40:05  INFO       build c             hash_table      [OK]
13:40:05  INFO       build c             matrix_mul      [FAIL]
13:40:05  WARNING      Source missing: c:\Users\AKhadka2\Desktop\carbon_footprint\implementations/c/...
13:40:05  INFO       build rust          summation       [FAIL]
13:40:05  WARNING      Source missing: c:\Users\AKhadka2\Desktop\carbon_footprint\implementations/rust/...
13:40:05  INFO       build rust          binary_search   [FAIL]
13:40:05  WARNING      Source missing: c:\Users\AKhadka2\Desktop\carbon_footprint\implementations/rust/...
13:40:05  INFO       build rust          merge_sort      [FAIL]
13:40:05  WARNING      Source missing: c:\Users\AKhadka2\Desktop\carbon_footprint\implementations/rust/...
13:40:05  INFO       build rust          bfs             [FAIL]
13:40:05  WARNING      Source missing: c:\Users\AKhadka2\Desktop\carbon_footprint\implementations/rust/...
13:40:05  INFO       build rust          hash_table      [FAIL]
13:40:05  WARNING      Source missing: c:\Users\AKhadka2\Desktop\carbon_footprint\implementations/rust/...
13:40:05  INFO       build rust          matrix_mul      [FAIL]
13:40:05  WARNING      Source missing: c:\Users\AKhadka2\Desktop\carbon_footprint\implementations/rust/...
13:40:05  INFO       build go            summation       [OK]
13:40:05  INFO       build go            binary_search   [OK]
13:40:05  INFO       build go            merge_sort      [OK]
13:40:05  INFO       build go            bfs             [OK]
13:40:05  INFO       build go            hash_table      [OK]
13:40:05  INFO       build go            matrix_mul      [FAIL]
13:40:05  WARNING      Source missing: c:\Users\AKhadka2\Desktop\carbon_footprint\implementations/go/...
13:40:05  INFO       build java          summation       [FAIL]
13:40:05  WARNING      javac not found
13:40:05  INFO       build java          binary_search   [FAIL]
13:40:05  WARNING      javac not found
13:40:05  INFO       build java          merge_sort      [FAIL]
13:40:05  WARNING      javac not found
13:40:05  INFO       build java          bfs             [FAIL]
13:40:05  WARNING      javac not found
13:40:05  INFO       build java          hash_table      [FAIL]
13:40:05  WARNING      javac not found
13:40:05  INFO       build java          matrix_mul      [FAIL]
13:40:05  WARNING      Source missing: c:\Users\AKhadka2\Desktop\carbon_footprint\implementations/java/...
13:40:05  INFO       build javascript    summation       [OK]
13:40:05  INFO       build javascript    binary_search   [OK]
13:40:05  INFO       build javascript    merge_sort      [OK]
13:40:05  INFO       build javascript    bfs             [OK]
13:40:05  INFO       build javascript    hash_table      [OK]
13:40:05  INFO       build javascript    matrix_mul      [FAIL]
13:40:05  WARNING      Source missing: c:\Users\AKhadka2\Desktop\carbon_footprint\implementations/javascript/...
13:40:05  INFO       build python        summation       [OK]
13:40:05  INFO       build python        binary_search   [OK]
13:40:05  INFO       build python        merge_sort      [OK]
13:40:05  INFO       build python        bfs             [OK]
13:40:05  INFO       build python        hash_table      [OK]
13:40:05  INFO       build python        matrix_mul      [FAIL]
13:40:05  WARNING      Source missing: c:\Users\AKhadka2\Desktop\carbon_footprint\implementations/python/...
13:40:05  INFO     ── Reference outputs (C) ────────────────────────────
13:40:08  WARNING    C/matrix_mul: no binary — skipping reference
13:40:08  INFO     ── Benchmark runs ───────────────────────────────────
13:40:08  INFO       [1/108]  c             summation       small   (warmup×5 + runs×30)
13:40:09  WARNING  LibreHardwareMonitor not reachable — energy will be NULL. Start LHM and enable its Web Server (Options → Web Server).
13:40:11  INFO         → wall: min=0.0540s  mean=0.0682s  max=0.0793s  output_errors=0
13:40:11  INFO       [2/108]  c             summation       medium  (warmup×5 + runs×30)
