17:18:13  INFO     Session ID      : 20260401T211813
17:18:13  INFO     Implementation  : C:\Users\AKhadka2\Desktop\carbon_footprint\implementations
17:18:13  INFO     Log directory   : C:\Users\AKhadka2\Desktop\carbon_footprint\logs
17:18:13  INFO     Runs / combo    : 30
17:18:13  INFO     Warm-up / combo : 5
17:18:13  INFO     LHM URL         : http://localhost:8085
17:18:13  INFO     Electricity Maps: NO KEY — carbon will be null
17:18:13  INFO     Platform        : Windows-11-10.0.26200-SP0
17:18:13  INFO     Run log → c:\Users\AKhadka2\Desktop\carbon_footprint\logs\runs_20260401T211813.jsonl
17:18:13  INFO     ── Build phase ──────────────────────────────────────
17:18:14  INFO       build c             summation       [OK]
17:18:14  INFO       build c             binary_search   [OK]
17:18:14  INFO       build c             merge_sort      [OK]
17:18:15  INFO       build c             bfs             [OK]
17:18:15  INFO       build c             hash_table      [OK]
17:18:15  INFO       build c             matrix_mul      [FAIL]
17:18:15  WARNING      Source missing: c:\Users\AKhadka2\Desktop\carbon_footprint\implementations/c/...
17:18:15  INFO       build rust          summation       [FAIL]
17:18:15  WARNING      Source missing: c:\Users\AKhadka2\Desktop\carbon_footprint\implementations/rust/...
17:18:15  INFO       build rust          binary_search   [FAIL]
17:18:15  WARNING      Source missing: c:\Users\AKhadka2\Desktop\carbon_footprint\implementations/rust/...
17:18:15  INFO       build rust          merge_sort      [FAIL]
17:18:15  WARNING      Source missing: c:\Users\AKhadka2\Desktop\carbon_footprint\implementations/rust/...
17:18:15  INFO       build rust          bfs             [FAIL]
17:18:15  WARNING      Source missing: c:\Users\AKhadka2\Desktop\carbon_footprint\implementations/rust/...
17:18:15  INFO       build rust          hash_table      [FAIL]
17:18:15  WARNING      Source missing: c:\Users\AKhadka2\Desktop\carbon_footprint\implementations/rust/...
17:18:15  INFO       build rust          matrix_mul      [FAIL]
17:18:15  WARNING      Source missing: c:\Users\AKhadka2\Desktop\carbon_footprint\implementations/rust/...
17:18:15  INFO       build go            summation       [OK]
17:18:15  INFO       build go            binary_search   [OK]
17:18:15  INFO       build go            merge_sort      [OK]
17:18:15  INFO       build go            bfs             [OK]
17:18:15  INFO       build go            hash_table      [OK]
17:18:15  INFO       build go            matrix_mul      [FAIL]
17:18:15  WARNING      Source missing: c:\Users\AKhadka2\Desktop\carbon_footprint\implementations/go/...
17:18:15  INFO       build java          summation       [FAIL]
17:18:15  WARNING      javac not found
17:18:15  INFO       build java          binary_search   [FAIL]
17:18:15  WARNING      javac not found
17:18:15  INFO       build java          merge_sort      [FAIL]
17:18:15  WARNING      javac not found
17:18:15  INFO       build java          bfs             [FAIL]
17:18:15  WARNING      javac not found
17:18:15  INFO       build java          hash_table      [FAIL]
17:18:15  WARNING      javac not found
17:18:15  INFO       build java          matrix_mul      [FAIL]
17:18:15  WARNING      Source missing: c:\Users\AKhadka2\Desktop\carbon_footprint\implementations/java/...
17:18:15  INFO       build javascript    summation       [OK]
17:18:15  INFO       build javascript    binary_search   [OK]
17:18:15  INFO       build javascript    merge_sort      [OK]
17:18:15  INFO       build javascript    bfs             [OK]
17:18:15  INFO       build javascript    hash_table      [OK]
17:18:15  INFO       build javascript    matrix_mul      [FAIL]
17:18:15  WARNING      Source missing: c:\Users\AKhadka2\Desktop\carbon_footprint\implementations/javascript/...
17:18:15  INFO       build python        summation       [OK]
17:18:15  INFO       build python        binary_search   [OK]
17:18:15  INFO       build python        merge_sort      [OK]
17:18:15  INFO       build python        bfs             [OK]
17:18:15  INFO       build python        hash_table      [OK]
17:18:15  INFO       build python        matrix_mul      [FAIL]
17:18:15  WARNING      Source missing: c:\Users\AKhadka2\Desktop\carbon_footprint\implementations/python/...
17:18:15  INFO     ── Reference outputs (C) ────────────────────────────
17:18:18  WARNING    C/matrix_mul: no binary — skipping reference
17:18:18  INFO     ── Benchmark runs ───────────────────────────────────
17:18:18  INFO       [1/108]  c             summation       small   (warmup×5 + runs×30)
17:18:18  WARNING  LibreHardwareMonitor not reachable — energy will be NULL. Start LHM and enable its Web Server (Options → Web Server).
17:18:20  INFO         → wall: min=0.0345s  mean=0.0390s  max=0.0520s  output_errors=0
17:18:20  INFO       [2/108]  c             summation       medium  (warmup×5 + runs×30)
17:18:21  INFO         → wall: min=0.0349s  mean=0.0393s  max=0.0481s  output_errors=0
17:18:21  INFO       [3/108]  c             summation       large   (warmup×5 + runs×30)
17:18:23  INFO         → wall: min=0.0355s  mean=0.0383s  max=0.0505s  output_errors=0
17:18:23  INFO       [4/108]  c             binary_search   small   (warmup×5 + runs×30)
17:18:24  INFO         → wall: min=0.0184s  mean=0.0212s  max=0.0282s  output_errors=0
17:18:24  INFO       [5/108]  c             binary_search   medium  (warmup×5 + runs×30)
17:18:25  INFO         → wall: min=0.0189s  mean=0.0225s  max=0.0351s  output_errors=0
17:18:25  INFO       [6/108]  c             binary_search   large   (warmup×5 + runs×30)
17:18:26  INFO         → wall: min=0.0180s  mean=0.0201s  max=0.0242s  output_errors=0
17:18:26  INFO       [7/108]  c             merge_sort      small   (warmup×5 + runs×30)
17:18:27  INFO         → wall: min=0.0329s  mean=0.0363s  max=0.0537s  output_errors=0
17:18:27  INFO       [8/108]  c             merge_sort      medium  (warmup×5 + runs×30)
